This file contains any messages produced by compilers while
running configure, to aid debugging if configure makes a mistake.

It was created by OpenJDK configure jdk8, which was
generated by GNU Autoconf 2.69.  Invocation command line was

  $ ./common/autoconf/configure --enable-option-checking=fatal

## --------- ##
## Platform. ##
## --------- ##

hostname = SC-201804261404
uname -m = x86_64
uname -r = 4.4.0-17134-Microsoft
uname -s = Linux
uname -v = #345-Microsoft Wed Sep 19 17:47:00 PST 2018

/usr/bin/uname -p = unknown
/bin/uname -X     = unknown

/bin/arch              = unknown
/usr/bin/arch -k       = unknown
/usr/convex/getsysinfo = unknown
/usr/bin/hostinfo      = unknown
/bin/machine           = unknown
/usr/bin/oslevel       = unknown
/bin/universe          = unknown

PATH: /home/seehunter/bin
PATH: /home/seehunter/.local/bin
PATH: /usr/local/sbin
PATH: /usr/local/bin
PATH: /usr/sbin
PATH: /usr/bin
PATH: /sbin
PATH: /bin
PATH: /usr/games
PATH: /usr/local/games
PATH: /mnt/c/Program Files (x86)/Common Files/Oracle/Java/javapath_target_2443657796
PATH: /mnt/d/Program/python-2.7.14
PATH: /mnt/d/Program/python-2.7.14/Scripts
PATH: /mnt/d/Program/python-3.6.5
PATH: /mnt/d/Program/python-3.6.5/Scripts
PATH: /mnt/c/Windows/System32
PATH: /mnt/c/Windows
PATH: /mnt/c/Windows/System32/wbem
PATH: /mnt/c/Windows/System32/WindowsPowerShell/v1.0
PATH: /mnt/c/Program Files/dotnet
PATH: /mnt/c/Program Files/Microsoft SQL Server/130/Tools/Binn
PATH: /mnt/c/Program Files/Java/jdk1.8.0_181/bin
PATH: /mnt/c/Program Files/Java/jre1.8.0_181/bin
PATH: /mnt/d/util-tool/apache-maven-3.5.3/bin
PATH: /mnt/c/ProgramData/chocolatey/bin
PATH: /mnt/c/Gradle/gradle-4.7/bin
PATH: /mnt/d/UPUPW_ANK_W64/Modules/MySQL/bin
PATH: /mnt/c/Windows/System32/OpenSSH
PATH: /mnt/d/css/dart-sass
PATH: /mnt/c/Program Files (x86)/Microsoft Visual Studio/2017/Community/Common7/IDE
PATH: /mnt/c/Program Files (x86)/Yarn/bin
PATH: /mnt/c/Program Files/nodejs
PATH: /mnt/c/Program Files (x86)/Microsoft Visual Studio 14.0/VC/bin
PATH: /mnt/d/cygwin64/bin
PATH: /mnt/c/Windows/WinSxS/amd64_windowsdeviceportal..oolsplugin.appxmain_31bf3856ad364e35_10.0.17134.191_none_31334a3f37be4b6a
PATH: /mnt/c/Program Files/Git/cmd
PATH: /mnt/c/Program Files/Git/mingw64/bin
PATH: /mnt/c/Program Files/Git/usr/bin
PATH: /mnt/d/Program/LLVM/bin
PATH: /mnt/c/Users/Administrator/AppData/Local/Microsoft/WindowsApps
PATH: /mnt/c/Users/Administrator/AppData/Local/Yarn/bin
PATH: /mnt/c/Users/Administrator/AppData/Roaming/npm
PATH: /mnt/c/Users/Administrator/AppData/Local/Programs/Microsoft VS Code/bin
PATH: /mnt/c/Users/Administrator/AppData/Local/atom/bin
PATH: /mnt/c/tools/dart-sdk/bin
PATH: /snap/bin


## ----------- ##
## Core tests. ##
## ----------- ##

configure:3885: Configuration created at Thu Oct 18 17:26:00 DST 2018.
configure:3887: configure script generated at timestamp 1389186094.
configure:3904: checking for basename
configure:3922: found /usr/bin/basename
configure:3934: result: /usr/bin/basename
configure:3963: checking for bash
configure:3993: result: /bin/bash
configure:4022: checking for cat
configure:4040: found /bin/cat
configure:4052: result: /bin/cat
configure:4081: checking for chmod
configure:4099: found /bin/chmod
configure:4111: result: /bin/chmod
configure:4140: checking for cmp
configure:4158: found /usr/bin/cmp
configure:4170: result: /usr/bin/cmp
configure:4199: checking for comm
configure:4217: found /usr/bin/comm
configure:4229: result: /usr/bin/comm
configure:4258: checking for cp
configure:4276: found /bin/cp
configure:4288: result: /bin/cp
configure:4317: checking for cpio
configure:4335: found /bin/cpio
configure:4347: result: /bin/cpio
configure:4376: checking for cut
configure:4394: found /usr/bin/cut
configure:4406: result: /usr/bin/cut
configure:4435: checking for date
configure:4453: found /bin/date
configure:4465: result: /bin/date
configure:4494: checking for gdiff
configure:4527: result: no
configure:4494: checking for diff
configure:4512: found /usr/bin/diff
configure:4524: result: /usr/bin/diff
configure:4553: checking for dirname
configure:4571: found /usr/bin/dirname
configure:4583: result: /usr/bin/dirname
configure:4612: checking for echo
configure:4630: found /bin/echo
configure:4642: result: /bin/echo
configure:4671: checking for expr
configure:4689: found /usr/bin/expr
configure:4701: result: /usr/bin/expr
configure:4730: checking for file
configure:4748: found /usr/bin/file
configure:4760: result: /usr/bin/file
configure:4789: checking for find
configure:4807: found /usr/bin/find
configure:4819: result: /usr/bin/find
configure:4848: checking for head
configure:4866: found /usr/bin/head
configure:4878: result: /usr/bin/head
configure:4907: checking for ln
configure:4925: found /bin/ln
configure:4937: result: /bin/ln
configure:4966: checking for ls
configure:4984: found /bin/ls
configure:4996: result: /bin/ls
configure:5025: checking for mkdir
configure:5043: found /bin/mkdir
configure:5055: result: /bin/mkdir
configure:5084: checking for mktemp
configure:5102: found /bin/mktemp
configure:5114: result: /bin/mktemp
configure:5143: checking for mv
configure:5161: found /bin/mv
configure:5173: result: /bin/mv
configure:5202: checking for printf
configure:5220: found /usr/bin/printf
configure:5232: result: /usr/bin/printf
configure:5261: checking for rm
configure:5279: found /bin/rm
configure:5291: result: /bin/rm
configure:5320: checking for sh
configure:5338: found /bin/sh
configure:5350: result: /bin/sh
configure:5379: checking for sort
configure:5397: found /usr/bin/sort
configure:5409: result: /usr/bin/sort
configure:5438: checking for tail
configure:5456: found /usr/bin/tail
configure:5468: result: /usr/bin/tail
configure:5497: checking for tar
configure:5515: found /bin/tar
configure:5527: result: /bin/tar
configure:5556: checking for tee
configure:5574: found /usr/bin/tee
configure:5586: result: /usr/bin/tee
configure:5615: checking for touch
configure:5633: found /usr/bin/touch
configure:5645: result: /usr/bin/touch
configure:5674: checking for tr
configure:5692: found /usr/bin/tr
configure:5704: result: /usr/bin/tr
configure:5733: checking for uname
configure:5751: found /bin/uname
configure:5763: result: /bin/uname
configure:5792: checking for uniq
configure:5810: found /usr/bin/uniq
configure:5822: result: /usr/bin/uniq
configure:5851: checking for wc
configure:5869: found /usr/bin/wc
configure:5881: result: /usr/bin/wc
configure:5910: checking for which
configure:5928: found /usr/bin/which
configure:5940: result: /usr/bin/which
configure:5969: checking for xargs
configure:5987: found /usr/bin/xargs
configure:5999: result: /usr/bin/xargs
configure:6029: checking for gawk
configure:6045: found /usr/bin/gawk
configure:6056: result: gawk
configure:6079: checking for grep that handles long lines and -e
configure:6137: result: /bin/grep
configure:6154: checking for egrep
configure:6216: result: /bin/grep -E
configure:6233: checking for fgrep
configure:6295: result: /bin/grep -F
configure:6312: checking for a sed that does not truncate output
configure:6376: result: /bin/sed
configure:6398: checking for nawk
configure:6416: found /usr/bin/nawk
configure:6428: result: /usr/bin/nawk
configure:6462: checking for cygpath
configure:6495: result: no
configure:6502: checking for readlink
configure:6520: found /bin/readlink
configure:6532: result: /bin/readlink
configure:6542: checking for df
configure:6560: found /bin/df
configure:6572: result: /bin/df
configure:6582: checking for SetFile
configure:6615: result: no
configure:6628: checking build system type
configure:6642: result: x86_64-unknown-linux-gnu
configure:6662: checking host system type
configure:6675: result: x86_64-unknown-linux-gnu
configure:6695: checking target system type
configure:6708: result: x86_64-unknown-linux-gnu
configure:6869: checking openjdk-build os-cpu
configure:6871: result: linux-x86_64
configure:6989: checking openjdk-target os-cpu
configure:6991: result: linux-x86_64
configure:7041: checking compilation type
configure:7043: result: native
configure:7742: checking for presence of closed sources
configure:7749: result: no
configure:7752: checking if closed source is suppressed (openjdk-only)
configure:7755: result: no
configure:7792: checking which variant of the JDK to build
configure:7809: result: normal
configure:7825: checking which variants of the JVM to build
configure:7844: result: server
configure:7911: checking which debug level to use
configure:7935: result: release
configure:8096: checking what configuration name to use
configure:8098: result: linux-x86_64-normal-server-release
configure:8265: checking for apt-get
configure:8281: found /usr/bin/apt-get
configure:8292: result: apt-get
configure:8630: checking for gmake
configure:8663: result: no
configure:8984: checking for make
configure:9002: found /usr/bin/make
configure:9014: result: /usr/bin/make
configure:9029: Testing potential make at /usr/bin/make, found using make in PATH
configure:9297: Resolving FOUND_MAKE (as /usr/bin/make) failed, using /usr/bin/make directly.
configure:10056: Using GNU make 3.81 (or later) at /usr/bin/make (version: GNU Make 4.1)
configure:10062: checking if find supports -delete
configure:10078: result: yes
configure:10092: checking for unzip
configure:10110: found /usr/bin/unzip
configure:10122: result: /usr/bin/unzip
configure:10151: checking for zip
configure:10169: found /usr/bin/zip
configure:10181: result: /usr/bin/zip
configure:10210: checking for ldd
configure:10228: found /usr/bin/ldd
configure:10240: result: /usr/bin/ldd
configure:10256: checking for otool
configure:10289: result: no
configure:10301: checking for readelf
configure:10319: found /usr/bin/readelf
configure:10331: result: /usr/bin/readelf
configure:10344: checking for hg
configure:10362: found /usr/bin/hg
configure:10374: result: /usr/bin/hg
configure:10384: checking for stat
configure:10402: found /usr/bin/stat
configure:10414: result: /usr/bin/stat
configure:10424: checking for time
configure:10442: found /usr/bin/time
configure:10454: result: /usr/bin/time
configure:10761: checking for pkg-config
configure:10794: result: no
configure:10934: checking for 7z
configure:10964: result: no
configure:10934: checking for unzip
configure:10950: found /usr/bin/unzip
configure:10961: result: unzip
configure:10980: checking for wget
configure:10996: found /usr/bin/wget
configure:11007: result: wget
configure:11034: checking headful support
configure:11058: result: include support for both headful and headless
configure:12278: checking for javac
configure:12296: found /usr/bin/javac
configure:12308: result: /usr/bin/javac
configure:12318: checking for java
configure:12336: found /usr/bin/java
configure:12348: result: /usr/bin/java
configure:12418: Found potential Boot JDK using java(c) in PATH
configure:12582: checking for Boot JDK
configure:12584: result: /usr/lib/jvm/java-7-openjdk-amd64
configure:12586: checking Boot JDK version
configure:12589: result: java version "1.7.0_95" OpenJDK Runtime Environment (IcedTea 2.6.4) (7u95-2.6.4-3) OpenJDK 64-Bit Server VM (build 24.95-b01, mixed mode) 
configure:15888: checking for java in Boot JDK
configure:15898: result: ok
configure:15902: checking for javac in Boot JDK
configure:15912: result: ok
configure:15916: checking for javah in Boot JDK
configure:15926: result: ok
configure:15930: checking for javap in Boot JDK
configure:15940: result: ok
configure:15944: checking for jar in Boot JDK
configure:15954: result: ok
configure:15958: checking for rmic in Boot JDK
configure:15968: result: ok
configure:15972: checking for native2ascii in Boot JDK
configure:15982: result: ok
Check if jvm arg is ok: -Xms64M
Command: /usr/lib/jvm/java-7-openjdk-amd64/bin/java -Xms64M -version
Check if jvm arg is ok: -Xmx1100M
Command: /usr/lib/jvm/java-7-openjdk-amd64/bin/java -Xmx1100M -version
Check if jvm arg is ok: -XX:PermSize=32m
Command: /usr/lib/jvm/java-7-openjdk-amd64/bin/java -XX:PermSize=32m -version
Check if jvm arg is ok: -XX:MaxPermSize=160m
Command: /usr/lib/jvm/java-7-openjdk-amd64/bin/java -XX:MaxPermSize=160m -version
Check if jvm arg is ok: -XX:ThreadStackSize=1536
Command: /usr/lib/jvm/java-7-openjdk-amd64/bin/java -XX:ThreadStackSize=1536 -version
Check if jvm arg is ok: -XX:-PrintVMOptions -XX:-UnlockDiagnosticVMOptions -XX:-LogVMOutput
Command: /usr/lib/jvm/java-7-openjdk-amd64/bin/java -XX:-PrintVMOptions -XX:-UnlockDiagnosticVMOptions -XX:-LogVMOutput -version
Arg failed:
Improperly specified VM option 'LogVMOutput'
Error: Could not create the Java Virtual Machine.
Error: A fatal exception has occurred. Program will exit.
configure:16498: checking for jtreg
configure:16500: result: no
configure:19175: checking for gcc
configure:19193: found /usr/bin/gcc
configure:19205: result: /usr/bin/gcc
configure:19490: Resolving CC (as /usr/bin/gcc) failed, using /usr/bin/gcc directly.
configure:19520: checking resolved symbolic links for CC
configure:19571: result: /usr/bin/gcc-5
configure:19573: checking if CC is disguised ccache
configure:20012: result: no, keeping CC
configure:20074: Using gcc-5 (Ubuntu 5.4.0-6ubuntu1~16.04.10) 5.4.0 C compiler version 20160609 (located at /usr/bin/gcc-5)
configure:20191: checking for C compiler version
configure:20200: /usr/bin/gcc-5 --version >&5
gcc-5 (Ubuntu 5.4.0-6ubuntu1~16.04.10) 5.4.0 20160609
Copyright (C) 2015 Free Software Foundation, Inc.
This is free software; see the source for copying conditions.  There is NO
warranty; not even for MERCHANTABILITY or FITNESS FOR A PARTICULAR PURPOSE.

configure:20211: $? = 0
configure:20200: /usr/bin/gcc-5 -v >&5
Using built-in specs.
COLLECT_GCC=/usr/bin/gcc-5
COLLECT_LTO_WRAPPER=/usr/lib/gcc/x86_64-linux-gnu/5/lto-wrapper
Target: x86_64-linux-gnu
Configured with: ../src/configure -v --with-pkgversion='Ubuntu 5.4.0-6ubuntu1~16.04.10' --with-bugurl=file:///usr/share/doc/gcc-5/README.Bugs --enable-languages=c,ada,c++,java,go,d,fortran,objc,obj-c++ --prefix=/usr --program-suffix=-5 --enable-shared --enable-linker-build-id --libexecdir=/usr/lib --without-included-gettext --enable-threads=posix --libdir=/usr/lib --enable-nls --with-sysroot=/ --enable-clocale=gnu --enable-libstdcxx-debug --enable-libstdcxx-time=yes --with-default-libstdcxx-abi=new --enable-gnu-unique-object --disable-vtable-verify --enable-libmpx --enable-plugin --with-system-zlib --disable-browser-plugin --enable-java-awt=gtk --enable-gtk-cairo --with-java-home=/usr/lib/jvm/java-1.5.0-gcj-5-amd64/jre --enable-java-home --with-jvm-root-dir=/usr/lib/jvm/java-1.5.0-gcj-5-amd64 --with-jvm-jar-dir=/usr/lib/jvm-exports/java-1.5.0-gcj-5-amd64 --with-arch-directory=amd64 --with-ecj-jar=/usr/share/java/eclipse-ecj.jar --enable-objc-gc --enable-multiarch --disable-werror --with-arch-32=i686 --with-abi=m64 --with-multilib-list=m32,m64,mx32 --enable-multilib --with-tune=generic --enable-checking=release --build=x86_64-linux-gnu --host=x86_64-linux-gnu --target=x86_64-linux-gnu
Thread model: posix
gcc version 5.4.0 20160609 (Ubuntu 5.4.0-6ubuntu1~16.04.10) 
configure:20211: $? = 0
configure:20200: /usr/bin/gcc-5 -V >&5
gcc-5: error: unrecognized command line option '-V'
gcc-5: fatal error: no input files
compilation terminated.
configure:20211: $? = 1
configure:20200: /usr/bin/gcc-5 -qversion >&5
gcc-5: error: unrecognized command line option '-qversion'
gcc-5: fatal error: no input files
compilation terminated.
configure:20211: $? = 1
configure:20231: checking whether the C compiler works
configure:20253: /usr/bin/gcc-5    conftest.c  >&5
configure:20257: $? = 0
configure:20305: result: yes
configure:20308: checking for C compiler default output file name
configure:20310: result: a.out
configure:20316: checking for suffix of executables
configure:20323: /usr/bin/gcc-5 -o conftest    conftest.c  >&5
configure:20327: $? = 0
configure:20349: result: 
configure:20371: checking whether we are cross compiling
configure:20379: /usr/bin/gcc-5 -o conftest    conftest.c  >&5
configure:20383: $? = 0
configure:20390: ./conftest
configure:20394: $? = 0
configure:20409: result: no
configure:20414: checking for suffix of object files
configure:20436: /usr/bin/gcc-5 -c   conftest.c >&5
configure:20440: $? = 0
configure:20461: result: o
configure:20465: checking whether we are using the GNU C compiler
configure:20484: /usr/bin/gcc-5 -c   conftest.c >&5
configure:20484: $? = 0
configure:20493: result: yes
configure:20502: checking whether /usr/bin/gcc-5 accepts -g
configure:20522: /usr/bin/gcc-5 -c -g  conftest.c >&5
configure:20522: $? = 0
configure:20563: result: yes
configure:20580: checking for /usr/bin/gcc-5 option to accept ISO C89
configure:20643: /usr/bin/gcc-5  -c -g -O2  conftest.c >&5
configure:20643: $? = 0
configure:20656: result: none needed
configure:20754: checking for g++
configure:20772: found /usr/bin/g++
configure:20784: result: /usr/bin/g++
configure:21069: Resolving CXX (as /usr/bin/g++) failed, using /usr/bin/g++ directly.
configure:21099: checking resolved symbolic links for CXX
configure:21150: result: /usr/bin/g++-5
configure:21152: checking if CXX is disguised ccache
configure:21591: result: no, keeping CXX
configure:21653: Using g++-5 (Ubuntu 5.4.0-6ubuntu1~16.04.10) 5.4.0 C++ compiler version 20160609 (located at /usr/bin/g++-5)
configure:21770: checking for C++ compiler version
configure:21779: /usr/bin/g++-5 --version >&5
g++-5 (Ubuntu 5.4.0-6ubuntu1~16.04.10) 5.4.0 20160609
Copyright (C) 2015 Free Software Foundation, Inc.
This is free software; see the source for copying conditions.  There is NO
warranty; not even for MERCHANTABILITY or FITNESS FOR A PARTICULAR PURPOSE.

configure:21790: $? = 0
configure:21779: /usr/bin/g++-5 -v >&5
Using built-in specs.
COLLECT_GCC=/usr/bin/g++-5
COLLECT_LTO_WRAPPER=/usr/lib/gcc/x86_64-linux-gnu/5/lto-wrapper
Target: x86_64-linux-gnu
Configured with: ../src/configure -v --with-pkgversion='Ubuntu 5.4.0-6ubuntu1~16.04.10' --with-bugurl=file:///usr/share/doc/gcc-5/README.Bugs --enable-languages=c,ada,c++,java,go,d,fortran,objc,obj-c++ --prefix=/usr --program-suffix=-5 --enable-shared --enable-linker-build-id --libexecdir=/usr/lib --without-included-gettext --enable-threads=posix --libdir=/usr/lib --enable-nls --with-sysroot=/ --enable-clocale=gnu --enable-libstdcxx-debug --enable-libstdcxx-time=yes --with-default-libstdcxx-abi=new --enable-gnu-unique-object --disable-vtable-verify --enable-libmpx --enable-plugin --with-system-zlib --disable-browser-plugin --enable-java-awt=gtk --enable-gtk-cairo --with-java-home=/usr/lib/jvm/java-1.5.0-gcj-5-amd64/jre --enable-java-home --with-jvm-root-dir=/usr/lib/jvm/java-1.5.0-gcj-5-amd64 --with-jvm-jar-dir=/usr/lib/jvm-exports/java-1.5.0-gcj-5-amd64 --with-arch-directory=amd64 --with-ecj-jar=/usr/share/java/eclipse-ecj.jar --enable-objc-gc --enable-multiarch --disable-werror --with-arch-32=i686 --with-abi=m64 --with-multilib-list=m32,m64,mx32 --enable-multilib --with-tune=generic --enable-checking=release --build=x86_64-linux-gnu --host=x86_64-linux-gnu --target=x86_64-linux-gnu
Thread model: posix
gcc version 5.4.0 20160609 (Ubuntu 5.4.0-6ubuntu1~16.04.10) 
configure:21790: $? = 0
configure:21779: /usr/bin/g++-5 -V >&5
g++-5: error: unrecognized command line option '-V'
g++-5: fatal error: no input files
compilation terminated.
configure:21790: $? = 1
configure:21779: /usr/bin/g++-5 -qversion >&5
g++-5: error: unrecognized command line option '-qversion'
g++-5: fatal error: no input files
compilation terminated.
configure:21790: $? = 1
configure:21794: checking whether we are using the GNU C++ compiler
configure:21813: /usr/bin/g++-5 -c   conftest.cpp >&5
configure:21813: $? = 0
configure:21822: result: yes
configure:21831: checking whether /usr/bin/g++-5 accepts -g
configure:21851: /usr/bin/g++-5 -c -g  conftest.cpp >&5
configure:21851: $? = 0
configure:21892: result: yes
configure:22502: checking for ar
configure:22518: found /usr/bin/ar
configure:22529: result: ar
configure:22813: Rewriting AR to "/usr/bin/ar"
configure:24516: checking how to run the C preprocessor
configure:24547: /usr/bin/gcc-5 -E  conftest.c
configure:24547: $? = 0
configure:24561: /usr/bin/gcc-5 -E  conftest.c
conftest.c:9:28: fatal error: ac_nonexistent.h: No such file or directory
compilation terminated.
configure:24561: $? = 1
configure: failed program was:
| /* confdefs.h */
| #define PACKAGE_NAME "OpenJDK"
| #define PACKAGE_TARNAME "openjdk"
| #define PACKAGE_VERSION "jdk8"
| #define PACKAGE_STRING "OpenJDK jdk8"
| #define PACKAGE_BUGREPORT "build-dev@openjdk.java.net"
| #define PACKAGE_URL "http://openjdk.java.net"
| /* end confdefs.h.  */
| #include <ac_nonexistent.h>
configure:24586: result: /usr/bin/gcc-5 -E
configure:24606: /usr/bin/gcc-5 -E  conftest.c
configure:24606: $? = 0
configure:24620: /usr/bin/gcc-5 -E  conftest.c
conftest.c:9:28: fatal error: ac_nonexistent.h: No such file or directory
compilation terminated.
configure:24620: $? = 1
configure: failed program was:
| /* confdefs.h */
| #define PACKAGE_NAME "OpenJDK"
| #define PACKAGE_TARNAME "openjdk"
| #define PACKAGE_VERSION "jdk8"
| #define PACKAGE_STRING "OpenJDK jdk8"
| #define PACKAGE_BUGREPORT "build-dev@openjdk.java.net"
| #define PACKAGE_URL "http://openjdk.java.net"
| /* end confdefs.h.  */
| #include <ac_nonexistent.h>
configure:24884: Resolving CPP (as /usr/bin/gcc-5) failed, using /usr/bin/gcc-5 directly.
configure:24920: checking how to run the C++ preprocessor
configure:24947: /usr/bin/g++-5 -E  conftest.cpp
configure:24947: $? = 0
configure:24961: /usr/bin/g++-5 -E  conftest.cpp
conftest.cpp:9:28: fatal error: ac_nonexistent.h: No such file or directory
compilation terminated.
configure:24961: $? = 1
configure: failed program was:
| /* confdefs.h */
| #define PACKAGE_NAME "OpenJDK"
| #define PACKAGE_TARNAME "openjdk"
| #define PACKAGE_VERSION "jdk8"
| #define PACKAGE_STRING "OpenJDK jdk8"
| #define PACKAGE_BUGREPORT "build-dev@openjdk.java.net"
| #define PACKAGE_URL "http://openjdk.java.net"
| /* end confdefs.h.  */
| #include <ac_nonexistent.h>
configure:24986: result: /usr/bin/g++-5 -E
configure:25006: /usr/bin/g++-5 -E  conftest.cpp
configure:25006: $? = 0
configure:25020: /usr/bin/g++-5 -E  conftest.cpp
conftest.cpp:9:28: fatal error: ac_nonexistent.h: No such file or directory
compilation terminated.
configure:25020: $? = 1
configure: failed program was:
| /* confdefs.h */
| #define PACKAGE_NAME "OpenJDK"
| #define PACKAGE_TARNAME "openjdk"
| #define PACKAGE_VERSION "jdk8"
| #define PACKAGE_STRING "OpenJDK jdk8"
| #define PACKAGE_BUGREPORT "build-dev@openjdk.java.net"
| #define PACKAGE_URL "http://openjdk.java.net"
| /* end confdefs.h.  */
| #include <ac_nonexistent.h>
configure:25284: Resolving CXXCPP (as /usr/bin/g++-5) failed, using /usr/bin/g++-5 directly.
configure:26917: checking for nm
configure:26933: found /usr/bin/nm
configure:26944: result: nm
configure:27228: Rewriting NM to "/usr/bin/nm"
configure:27277: checking for strip
configure:27293: found /usr/bin/strip
configure:27304: result: strip
configure:27588: Rewriting STRIP to "/usr/bin/strip"
configure:27646: checking for gobjcopy
configure:27676: result: no
configure:27646: checking for objcopy
configure:27662: found /usr/bin/objcopy
configure:27673: result: objcopy
configure:27961: Rewriting OBJCOPY to "/usr/bin/objcopy"
configure:28017: checking for gobjdump
configure:28047: result: no
configure:28017: checking for objdump
configure:28033: found /usr/bin/objdump
configure:28044: result: objdump
configure:28332: Rewriting OBJDUMP to "/usr/bin/objdump"
configure:28658: checking for ANSI C header files
configure:28678: /usr/bin/g++-5 -c   conftest.cpp >&5
configure:28678: $? = 0
configure:28751: /usr/bin/g++-5 -o conftest    conftest.cpp  >&5
configure:28751: $? = 0
configure:28751: ./conftest
configure:28751: $? = 0
configure:28762: result: yes
configure:28775: checking for sys/types.h
configure:28775: /usr/bin/g++-5 -c   conftest.cpp >&5
configure:28775: $? = 0
configure:28775: result: yes
configure:28775: checking for sys/stat.h
configure:28775: /usr/bin/g++-5 -c   conftest.cpp >&5
configure:28775: $? = 0
configure:28775: result: yes
configure:28775: checking for stdlib.h
configure:28775: /usr/bin/g++-5 -c   conftest.cpp >&5
configure:28775: $? = 0
configure:28775: result: yes
configure:28775: checking for string.h
configure:28775: /usr/bin/g++-5 -c   conftest.cpp >&5
configure:28775: $? = 0
configure:28775: result: yes
configure:28775: checking for memory.h
configure:28775: /usr/bin/g++-5 -c   conftest.cpp >&5
configure:28775: $? = 0
configure:28775: result: yes
configure:28775: checking for strings.h
configure:28775: /usr/bin/g++-5 -c   conftest.cpp >&5
configure:28775: $? = 0
configure:28775: result: yes
configure:28775: checking for inttypes.h
configure:28775: /usr/bin/g++-5 -c   conftest.cpp >&5
configure:28775: $? = 0
configure:28775: result: yes
configure:28775: checking for stdint.h
configure:28775: /usr/bin/g++-5 -c   conftest.cpp >&5
configure:28775: $? = 0
configure:28775: result: yes
configure:28775: checking for unistd.h
configure:28775: /usr/bin/g++-5 -c   conftest.cpp >&5
configure:28775: $? = 0
configure:28775: result: yes
configure:28840: checking stdio.h usability
configure:28840: /usr/bin/g++-5 -c   conftest.cpp >&5
configure:28840: $? = 0
configure:28840: result: yes
configure:28840: checking stdio.h presence
configure:28840: /usr/bin/g++-5 -E  conftest.cpp
configure:28840: $? = 0
configure:28840: result: yes
configure:28840: checking for stdio.h
configure:28840: result: yes
configure:28868: checking size of int *
configure:28873: /usr/bin/g++-5 -o conftest    conftest.cpp  >&5
configure:28873: $? = 0
configure:28873: ./conftest
configure:28873: $? = 0
configure:28887: result: 8
configure:28915: checking for target address size
configure:28917: result: 64 bits
configure:28925: checking whether byte ordering is bigendian
configure:28940: /usr/bin/g++-5 -c   conftest.cpp >&5
conftest.cpp:22:9: error: expected unqualified-id before 'not' token
         not a universal capable compiler
         ^
configure:28940: $? = 1
configure: failed program was:
| /* confdefs.h */
| #define PACKAGE_NAME "OpenJDK"
| #define PACKAGE_TARNAME "openjdk"
| #define PACKAGE_VERSION "jdk8"
| #define PACKAGE_STRING "OpenJDK jdk8"
| #define PACKAGE_BUGREPORT "build-dev@openjdk.java.net"
| #define PACKAGE_URL "http://openjdk.java.net"
| #define STDC_HEADERS 1
| #define HAVE_SYS_TYPES_H 1
| #define HAVE_SYS_STAT_H 1
| #define HAVE_STDLIB_H 1
| #define HAVE_STRING_H 1
| #define HAVE_MEMORY_H 1
| #define HAVE_STRINGS_H 1
| #define HAVE_INTTYPES_H 1
| #define HAVE_STDINT_H 1
| #define HAVE_UNISTD_H 1
| #define HAVE_STDIO_H 1
| #define SIZEOF_INT_P 8
| /* end confdefs.h.  */
| #ifndef __APPLE_CC__
| 	       not a universal capable compiler
| 	     #endif
| 	     typedef int dummy;
| 
configure:28985: /usr/bin/g++-5 -c   conftest.cpp >&5
configure:28985: $? = 0
configure:29003: /usr/bin/g++-5 -c   conftest.cpp >&5
conftest.cpp: In function 'int main()':
conftest.cpp:28:8: error: 'big' was not declared in this scope
    not big endian
        ^
configure:29003: $? = 1
configure: failed program was:
| /* confdefs.h */
| #define PACKAGE_NAME "OpenJDK"
| #define PACKAGE_TARNAME "openjdk"
| #define PACKAGE_VERSION "jdk8"
| #define PACKAGE_STRING "OpenJDK jdk8"
| #define PACKAGE_BUGREPORT "build-dev@openjdk.java.net"
| #define PACKAGE_URL "http://openjdk.java.net"
| #define STDC_HEADERS 1
| #define HAVE_SYS_TYPES_H 1
| #define HAVE_SYS_STAT_H 1
| #define HAVE_STDLIB_H 1
| #define HAVE_STRING_H 1
| #define HAVE_MEMORY_H 1
| #define HAVE_STRINGS_H 1
| #define HAVE_INTTYPES_H 1
| #define HAVE_STDINT_H 1
| #define HAVE_UNISTD_H 1
| #define HAVE_STDIO_H 1
| #define SIZEOF_INT_P 8
| /* end confdefs.h.  */
| #include <sys/types.h>
| 		#include <sys/param.h>
| 
| int
| main ()
| {
| #if BYTE_ORDER != BIG_ENDIAN
| 		 not big endian
| 		#endif
| 
|   ;
|   return 0;
| }
configure:29131: result: no
configure:29739: checking if compiler supports "-m64"
configure:29755: /usr/bin/gcc-5 -c  -m64  conftest.c >&5
configure:29755: $? = 0
configure:29781: /usr/bin/g++-5 -c  -m64  conftest.cpp >&5
configure:29781: $? = 0
configure:29795: result: yes
configure:29808: checking if compiler supports "-m64"
configure:29824: /usr/bin/gcc-5 -c  -m64  conftest.c >&5
configure:29824: $? = 0
configure:29850: /usr/bin/g++-5 -c  -m64  conftest.cpp >&5
configure:29850: $? = 0
configure:29864: result: yes
configure:29887: checking if we should generate debug symbols
configure:29912: result: true
configure:29918: checking if we should zip debug-info files
configure:29927: result: yes
configure:30015: checking what is not needed on Linux?
configure:30018: result: pulse
configure:30087: checking for Mac OS X Java Framework
configure:30093: result: no
configure:30127: checking for X
configure:30235: /usr/bin/g++-5 -E  conftest.cpp
configure:30235: $? = 0
configure:30266: /usr/bin/g++-5 -o conftest    conftest.cpp -lX11  >&5
configure:30266: $? = 0
configure:30316: result: libraries , headers 
configure:30415: /usr/bin/g++-5 -o conftest    conftest.cpp   -lX11 >&5
configure:30415: $? = 0
configure:30513: checking for gethostbyname
configure:30513: /usr/bin/g++-5 -o conftest    conftest.cpp  >&5
configure:30513: $? = 0
configure:30513: result: yes
configure:30610: checking for connect
configure:30610: /usr/bin/g++-5 -o conftest    conftest.cpp  >&5
configure:30610: $? = 0
configure:30610: result: yes
configure:30659: checking for remove
configure:30659: /usr/bin/g++-5 -o conftest    conftest.cpp  >&5
configure:30659: $? = 0
configure:30659: result: yes
configure:30708: checking for shmat
configure:30708: /usr/bin/g++-5 -o conftest    conftest.cpp  >&5
configure:30708: $? = 0
configure:30708: result: yes
configure:30766: checking for IceConnectionNumber in -lICE
configure:30791: /usr/bin/g++-5 -o conftest    conftest.cpp -lICE   >&5
configure:30791: $? = 0
configure:30800: result: yes
configure:30883: checking for X11/extensions/shape.h
configure:30883: /usr/bin/gcc-5 -c    conftest.c >&5
configure:30883: $? = 0
configure:30883: result: yes
configure:30883: checking for X11/extensions/Xrender.h
configure:30883: /usr/bin/gcc-5 -c    conftest.c >&5
configure:30883: $? = 0
configure:30883: result: yes
configure:30883: checking for X11/extensions/XTest.h
configure:30883: /usr/bin/gcc-5 -c    conftest.c >&5
configure:30883: $? = 0
configure:30883: result: yes
configure:30883: checking for X11/Intrinsic.h
configure:30883: /usr/bin/gcc-5 -c    conftest.c >&5
configure:30883: $? = 0
configure:30883: result: yes
configure:31138: checking cups/cups.h usability
configure:31138: /usr/bin/g++-5 -c   conftest.cpp >&5
configure:31138: $? = 0
configure:31138: result: yes
configure:31138: checking cups/cups.h presence
configure:31138: /usr/bin/g++-5 -E  conftest.cpp
configure:31138: $? = 0
configure:31138: result: yes
configure:31138: checking for cups/cups.h
configure:31138: result: yes
configure:31138: checking cups/ppd.h usability
configure:31138: /usr/bin/g++-5 -c   conftest.cpp >&5
configure:31138: $? = 0
configure:31138: result: yes
configure:31138: checking cups/ppd.h presence
configure:31138: /usr/bin/g++-5 -E  conftest.cpp
configure:31138: $? = 0
configure:31138: result: yes
configure:31138: checking for cups/ppd.h
configure:31138: result: yes
configure:33966: error: Could not find freetype! You might be able to fix this by running 'sudo apt-get install libfreetype6-dev'. 

## ---------------- ##
## Cache variables. ##
## ---------------- ##

ac_cv_build=x86_64-unknown-linux-gnu
ac_cv_c_bigendian=no
ac_cv_c_compiler_gnu=yes
ac_cv_cxx_compiler_gnu=yes
ac_cv_env_ALSA_CFLAGS_set=
ac_cv_env_ALSA_CFLAGS_value=
ac_cv_env_ALSA_LIBS_set=
ac_cv_env_ALSA_LIBS_value=
ac_cv_env_CCC_set=
ac_cv_env_CCC_value=
ac_cv_env_CC_set=
ac_cv_env_CC_value=
ac_cv_env_CFLAGS_set=
ac_cv_env_CFLAGS_value=
ac_cv_env_CPPFLAGS_set=
ac_cv_env_CPPFLAGS_value=
ac_cv_env_CPP_set=
ac_cv_env_CPP_value=
ac_cv_env_CXXCPP_set=
ac_cv_env_CXXCPP_value=
ac_cv_env_CXXFLAGS_set=
ac_cv_env_CXXFLAGS_value=
ac_cv_env_CXX_set=
ac_cv_env_CXX_value=
ac_cv_env_FREETYPE_CFLAGS_set=
ac_cv_env_FREETYPE_CFLAGS_value=
ac_cv_env_FREETYPE_LIBS_set=
ac_cv_env_FREETYPE_LIBS_value=
ac_cv_env_LDFLAGS_set=
ac_cv_env_LDFLAGS_value=
ac_cv_env_LIBFFI_CFLAGS_set=
ac_cv_env_LIBFFI_CFLAGS_value=
ac_cv_env_LIBFFI_LIBS_set=
ac_cv_env_LIBFFI_LIBS_value=
ac_cv_env_LIBS_set=
ac_cv_env_LIBS_value=
ac_cv_env_OBJCFLAGS_set=
ac_cv_env_OBJCFLAGS_value=
ac_cv_env_OBJC_set=
ac_cv_env_OBJC_value=
ac_cv_env_PKG_CONFIG_set=
ac_cv_env_PKG_CONFIG_value=
ac_cv_env_XMKMF_set=
ac_cv_env_XMKMF_value=
ac_cv_env_build_alias_set=
ac_cv_env_build_alias_value=
ac_cv_env_host_alias_set=
ac_cv_env_host_alias_value=
ac_cv_env_target_alias_set=
ac_cv_env_target_alias_value=
ac_cv_func_connect=yes
ac_cv_func_gethostbyname=yes
ac_cv_func_remove=yes
ac_cv_func_shmat=yes
ac_cv_have_x='have_x=yes	ac_x_includes='\'''\''	ac_x_libraries='\'''\'''
ac_cv_header_X11_Intrinsic_h=yes
ac_cv_header_X11_extensions_XTest_h=yes
ac_cv_header_X11_extensions_Xrender_h=yes
ac_cv_header_X11_extensions_shape_h=yes
ac_cv_header_cups_cups_h=yes
ac_cv_header_cups_ppd_h=yes
ac_cv_header_inttypes_h=yes
ac_cv_header_memory_h=yes
ac_cv_header_stdc=yes
ac_cv_header_stdint_h=yes
ac_cv_header_stdio_h=yes
ac_cv_header_stdlib_h=yes
ac_cv_header_string_h=yes
ac_cv_header_strings_h=yes
ac_cv_header_sys_stat_h=yes
ac_cv_header_sys_types_h=yes
ac_cv_header_unistd_h=yes
ac_cv_host=x86_64-unknown-linux-gnu
ac_cv_lib_ICE_IceConnectionNumber=yes
ac_cv_objext=o
ac_cv_path_BASENAME=/usr/bin/basename
ac_cv_path_BASH=/bin/bash
ac_cv_path_CAT=/bin/cat
ac_cv_path_CHECK_MAKE=/usr/bin/make
ac_cv_path_CHMOD=/bin/chmod
ac_cv_path_CMP=/usr/bin/cmp
ac_cv_path_COMM=/usr/bin/comm
ac_cv_path_CP=/bin/cp
ac_cv_path_CPIO=/bin/cpio
ac_cv_path_CUT=/usr/bin/cut
ac_cv_path_DATE=/bin/date
ac_cv_path_DF=/bin/df
ac_cv_path_DIFF=/usr/bin/diff
ac_cv_path_DIRNAME=/usr/bin/dirname
ac_cv_path_ECHO=/bin/echo
ac_cv_path_EGREP='/bin/grep -E'
ac_cv_path_EXPR=/usr/bin/expr
ac_cv_path_FGREP='/bin/grep -F'
ac_cv_path_FILE=/usr/bin/file
ac_cv_path_FIND=/usr/bin/find
ac_cv_path_GREP=/bin/grep
ac_cv_path_HEAD=/usr/bin/head
ac_cv_path_HG=/usr/bin/hg
ac_cv_path_JAVAC_CHECK=/usr/bin/javac
ac_cv_path_JAVA_CHECK=/usr/bin/java
ac_cv_path_LDD=/usr/bin/ldd
ac_cv_path_LN=/bin/ln
ac_cv_path_LS=/bin/ls
ac_cv_path_MKDIR=/bin/mkdir
ac_cv_path_MKTEMP=/bin/mktemp
ac_cv_path_MV=/bin/mv
ac_cv_path_NAWK=/usr/bin/nawk
ac_cv_path_POTENTIAL_CC=/usr/bin/gcc
ac_cv_path_POTENTIAL_CXX=/usr/bin/g++
ac_cv_path_PRINTF=/usr/bin/printf
ac_cv_path_READELF=/usr/bin/readelf
ac_cv_path_READLINK=/bin/readlink
ac_cv_path_RM=/bin/rm
ac_cv_path_SED=/bin/sed
ac_cv_path_SH=/bin/sh
ac_cv_path_SORT=/usr/bin/sort
ac_cv_path_STAT=/usr/bin/stat
ac_cv_path_TAIL=/usr/bin/tail
ac_cv_path_TAR=/bin/tar
ac_cv_path_TEE=/usr/bin/tee
ac_cv_path_TIME=/usr/bin/time
ac_cv_path_TOUCH=/usr/bin/touch
ac_cv_path_TR=/usr/bin/tr
ac_cv_path_UNAME=/bin/uname
ac_cv_path_UNIQ=/usr/bin/uniq
ac_cv_path_UNZIP=/usr/bin/unzip
ac_cv_path_WC=/usr/bin/wc
ac_cv_path_WHICH=/usr/bin/which
ac_cv_path_XARGS=/usr/bin/xargs
ac_cv_path_ZIP=/usr/bin/zip
ac_cv_prog_AWK=gawk
ac_cv_prog_BDEPS_FTP=wget
ac_cv_prog_BDEPS_UNZIP=unzip
ac_cv_prog_CPP='/usr/bin/gcc-5 -E'
ac_cv_prog_CXXCPP='/usr/bin/g++-5 -E'
ac_cv_prog_PKGHANDLER=apt-get
ac_cv_prog_ac_ct_AR=ar
ac_cv_prog_ac_ct_NM=nm
ac_cv_prog_ac_ct_OBJCOPY=objcopy
ac_cv_prog_ac_ct_OBJDUMP=objdump
ac_cv_prog_ac_ct_STRIP=strip
ac_cv_prog_cc_c89=
ac_cv_prog_cc_g=yes
ac_cv_prog_cxx_g=yes
ac_cv_sizeof_int_p=8
ac_cv_target=x86_64-unknown-linux-gnu

## ----------------- ##
## Output variables. ##
## ----------------- ##

ADD_SRC_ROOT=''
ALSA_CFLAGS=''
ALSA_LIBS=''
AR='/usr/bin/ar'
ARFLAGS=''
AR_OUT_OPTION='rcs$(SPACE)'
AS='/usr/bin/gcc-5 -c'
AWK='gawk'
BASENAME='/usr/bin/basename'
BASH='/bin/bash'
BDEPS_FTP='wget'
BDEPS_UNZIP='unzip'
BOOT_JDK='/usr/lib/jvm/java-7-openjdk-amd64'
BOOT_JDK_JVMARGS=' -Xms64M -Xmx1100M -XX:PermSize=32m -XX:MaxPermSize=160m -XX:ThreadStackSize=1536'
BOOT_JDK_SOURCETARGET='-source 7 -target 7'
BOOT_RTJAR='/usr/lib/jvm/java-7-openjdk-amd64/jre/lib/rt.jar'
BOOT_TOOLSJAR='/usr/lib/jvm/java-7-openjdk-amd64/lib/tools.jar'
BUILD_CC='/usr/bin/gcc-5'
BUILD_CXX='/usr/bin/g++-5'
BUILD_HEADLESS='BUILD_HEADLESS:=true'
BUILD_HOTSPOT='true'
BUILD_LD='/usr/bin/gcc-5'
BUILD_LOG='$(OUTPUT_ROOT)/build.log'
BUILD_LOG_PREVIOUS='$(OUTPUT_ROOT)/build.log.old'
BUILD_LOG_WRAPPER='$(BASH) $(SRC_ROOT)/common/bin/logger.sh $(BUILD_LOG)'
BUILD_OUTPUT='/mnt/d/java/openjdk/build/linux-x86_64-normal-server-release'
BUILD_VARIANT_RELEASE=''
CACERTS_FILE='/mnt/d/java/openjdk/jdk/src/share/lib/security/cacerts'
CAT='/bin/cat'
CC='/usr/bin/gcc-5'
CCACHE=''
CC_OUT_OPTION='-o$(SPACE)'
CFLAGS=''
CFLAGS_DEBUG_SYMBOLS='-g'
CFLAGS_JDKEXE='  -W -Wall -Wno-unused -Wno-parentheses       -pipe       -D_GNU_SOURCE -D_REENTRANT -D_LARGEFILE64_SOURCE -fno-omit-frame-pointer -D_LP64=1 -D_LITTLE_ENDIAN -DLINUX -DNDEBUG -DARCH='\''"amd64"'\'' -Damd64 -DRELEASE='\''"$(RELEASE)"'\''       -I/mnt/d/java/openjdk/build/linux-x86_64-normal-server-release/jdk/include       -I/mnt/d/java/openjdk/build/linux-x86_64-normal-server-release/jdk/include/linux       -I/mnt/d/java/openjdk/jdk/src/share/javavm/export       -I/mnt/d/java/openjdk/jdk/src/solaris/javavm/export       -I/mnt/d/java/openjdk/jdk/src/share/native/common       -I/mnt/d/java/openjdk/jdk/src/solaris/native/common   -fno-strict-aliasing'
CFLAGS_JDKLIB='  -W -Wall -Wno-unused -Wno-parentheses       -pipe       -D_GNU_SOURCE -D_REENTRANT -D_LARGEFILE64_SOURCE -fno-omit-frame-pointer -D_LP64=1 -D_LITTLE_ENDIAN -DLINUX -DNDEBUG -DARCH='\''"amd64"'\'' -Damd64 -DRELEASE='\''"$(RELEASE)"'\''       -I/mnt/d/java/openjdk/build/linux-x86_64-normal-server-release/jdk/include       -I/mnt/d/java/openjdk/build/linux-x86_64-normal-server-release/jdk/include/linux       -I/mnt/d/java/openjdk/jdk/src/share/javavm/export       -I/mnt/d/java/openjdk/jdk/src/solaris/javavm/export       -I/mnt/d/java/openjdk/jdk/src/share/native/common       -I/mnt/d/java/openjdk/jdk/src/solaris/native/common   -fno-strict-aliasing -fPIC '
CHECK_GMAKE=''
CHECK_MAKE='/usr/bin/make'
CHECK_TOOLSDIR_GMAKE=''
CHECK_TOOLSDIR_MAKE=''
CHMOD='/bin/chmod'
CMP='/usr/bin/cmp'
CODESIGN=''
COMM='/usr/bin/comm'
COMPANY_NAME='N/A'
COMPILER_NAME='gcc'
COMPILER_SUPPORTS_TARGET_BITS_FLAG='true'
COMPILER_TYPE='CC'
COMPILE_TYPE='native'
COMPRESS_JARS='false'
CONFIGURE_COMMAND_LINE=''
CONF_NAME='linux-x86_64-normal-server-release'
COOKED_BUILD_NUMBER='0'
COPYRIGHT_YEAR='2018'
CORBA_TOPDIR='/mnt/d/java/openjdk/corba'
CP='/bin/cp'
CPIO='/bin/cpio'
CPP='/usr/bin/gcc-5 -E'
CPPFLAGS=''
CUPS_CFLAGS=''
CUSTOM_MAKE_DIR=''
CUT='/usr/bin/cut'
CXX='/usr/bin/g++-5'
CXXCPP='/usr/bin/g++-5 -E'
CXXFLAGS=''
CXXFLAGS_DEBUG_SYMBOLS='-g'
CXXFLAGS_JDKEXE='  -W -Wall -Wno-unused -Wno-parentheses       -pipe       -D_GNU_SOURCE -D_REENTRANT -D_LARGEFILE64_SOURCE -fno-omit-frame-pointer -D_LP64=1 -D_LITTLE_ENDIAN -DLINUX -DNDEBUG -DARCH='\''"amd64"'\'' -Damd64 -DRELEASE='\''"$(RELEASE)"'\''       -I/mnt/d/java/openjdk/build/linux-x86_64-normal-server-release/jdk/include       -I/mnt/d/java/openjdk/build/linux-x86_64-normal-server-release/jdk/include/linux       -I/mnt/d/java/openjdk/jdk/src/share/javavm/export       -I/mnt/d/java/openjdk/jdk/src/solaris/javavm/export       -I/mnt/d/java/openjdk/jdk/src/share/native/common       -I/mnt/d/java/openjdk/jdk/src/solaris/native/common  '
CXXFLAGS_JDKLIB='  -W -Wall -Wno-unused -Wno-parentheses       -pipe       -D_GNU_SOURCE -D_REENTRANT -D_LARGEFILE64_SOURCE -fno-omit-frame-pointer -D_LP64=1 -D_LITTLE_ENDIAN -DLINUX -DNDEBUG -DARCH='\''"amd64"'\'' -Damd64 -DRELEASE='\''"$(RELEASE)"'\''       -I/mnt/d/java/openjdk/build/linux-x86_64-normal-server-release/jdk/include       -I/mnt/d/java/openjdk/build/linux-x86_64-normal-server-release/jdk/include/linux       -I/mnt/d/java/openjdk/jdk/src/share/javavm/export       -I/mnt/d/java/openjdk/jdk/src/solaris/javavm/export       -I/mnt/d/java/openjdk/jdk/src/share/native/common       -I/mnt/d/java/openjdk/jdk/src/solaris/native/common   -fPIC  '
CXX_FLAG_DEPS='-MMD -MF'
CXX_FLAG_REORDER=''
CXX_O_FLAG_HI='-O3'
CXX_O_FLAG_HIGHEST='-O3'
CXX_O_FLAG_NONE='-O0'
CXX_O_FLAG_NORM='-O2'
CYGPATH=''
CYGWIN_LINK=''
C_FLAG_DEPS='-MMD -MF'
C_FLAG_REORDER=''
C_O_FLAG_HI='-O3'
C_O_FLAG_HIGHEST='-O3'
C_O_FLAG_NONE='-O0'
C_O_FLAG_NORM='-O2'
DATE='/bin/date'
DATE_WHEN_CONFIGURED='Thu Oct 18 17:26:00 DST 2018'
DEBUG_CLASSFILES='false'
DEBUG_LEVEL='release'
DEFINE_CROSS_COMPILE_ARCH=''
DEFS=''
DF='/bin/df'
DIFF='/usr/bin/diff'
DIRNAME='/usr/bin/dirname'
DSYMUTIL=''
DUMPBIN=''
ECHO='/bin/echo'
ECHO_C=''
ECHO_N='-n'
ECHO_T=''
EGREP='/bin/grep -E'
ENABLE_DEBUG_SYMBOLS='true'
ENABLE_INTREE_EC=''
ENABLE_SJAVAC=''
EXEEXT=''
EXE_OUT_OPTION='-o$(SPACE)'
EXE_SUFFIX=''
EXPR='/usr/bin/expr'
FASTDEBUG='false'
FGREP='/bin/grep -F'
FILE='/usr/bin/file'
FIND='/usr/bin/find'
FIND_DELETE='-delete'
FIXPATH=''
FREETYPE_BUNDLE_LIB_PATH=''
FREETYPE_CFLAGS=''
FREETYPE_LIBS=''
GNM='/usr/bin/nm'
GREP='/bin/grep'
HEAD='/usr/bin/head'
HG='/usr/bin/hg'
HOTSPOT_CXX='/usr/bin/g++-5'
HOTSPOT_DIST='/mnt/d/java/openjdk/build/linux-x86_64-normal-server-release/hotspot/dist'
HOTSPOT_LD='/usr/bin/gcc-5'
HOTSPOT_MAKE_ARGS=''
HOTSPOT_MT=''
HOTSPOT_RC=''
HOTSPOT_TOPDIR='/mnt/d/java/openjdk/hotspot'
INCLUDE_SA='true'
IS_GNU_TIME='yes'
JAVAC_CHECK='/usr/bin/javac'
JAVAC_FLAGS=''
JAVA_CHECK='/usr/bin/java'
JAXP_TOPDIR='/mnt/d/java/openjdk/jaxp'
JAXWS_TOPDIR='/mnt/d/java/openjdk/jaxws'
JDK_BUILD_NUMBER='b00'
JDK_MAJOR_VERSION='1'
JDK_MICRO_VERSION='0'
JDK_MINOR_VERSION='8'
JDK_RC_PLATFORM_NAME='Platform'
JDK_TOPDIR='/mnt/d/java/openjdk/jdk'
JDK_UPDATE_VERSION=''
JDK_VARIANT='normal'
JDK_VERSION='1.8.0'
JOBS=''
JTREGEXE=''
JT_HOME=''
JVM_VARIANTS=',server,'
JVM_VARIANT_CLIENT='false'
JVM_VARIANT_KERNEL='false'
JVM_VARIANT_MINIMAL1='false'
JVM_VARIANT_SERVER='true'
JVM_VARIANT_ZERO='false'
JVM_VARIANT_ZEROSHARK='false'
LANGTOOLS_TOPDIR='/mnt/d/java/openjdk/langtools'
LAUNCHER_NAME='openjdk'
LD='/usr/bin/gcc-5'
LDCXX='/usr/bin/g++-5'
LDD='/usr/bin/ldd'
LDEXE='/usr/bin/gcc-5'
LDEXECXX='/usr/bin/g++-5'
LDFLAGS=''
LDFLAGS_CXX_JDK=''
LDFLAGS_JDKEXE='  -Xlinker --hash-style=both  -Xlinker -z -Xlinker defs -Xlinker -O1 -Xlinker --allow-shlib-undefined'
LDFLAGS_JDKEXE_SUFFIX=''
LDFLAGS_JDKLIB='  -Xlinker --hash-style=both  -Xlinker -z -Xlinker defs -Xlinker -O1 -shared         -L/mnt/d/java/openjdk/build/linux-x86_64-normal-server-release/jdk/lib/amd64 -L/mnt/d/java/openjdk/build/linux-x86_64-normal-server-release/jdk/lib/amd64/server'
LDFLAGS_JDKLIB_SUFFIX='-ljava -ljvm'
LD_OUT_OPTION='-o$(SPACE)'
LEGACY_EXTRA_CFLAGS=''
LEGACY_EXTRA_CXXFLAGS=''
LEGACY_EXTRA_LDFLAGS=''
LIBCXX=''
LIBDL=''
LIBFFI_CFLAGS=''
LIBFFI_LIBS=''
LIBM=''
LIBOBJS=''
LIBRARY_PREFIX='lib'
LIBS=''
LIBZIP_CAN_USE_MMAP=''
LIPO=''
LLVM_CFLAGS=''
LLVM_CONFIG=''
LLVM_LDFLAGS=''
LLVM_LIBS=''
LN='/bin/ln'
LP64='LP64:='
LS='/bin/ls'
LTLIBOBJS=''
MACOSX_BUNDLE_ID_BASE='net.java.openjdk'
MACOSX_BUNDLE_NAME_BASE='OpenJDK'
MACOSX_UNIVERSAL=''
MACOSX_VERSION_MIN=''
MAKE='/usr/bin/make'
MCS=''
MEMORY_SIZE=''
MILESTONE='internal'
MKDIR='/bin/mkdir'
MKTEMP='/bin/mktemp'
MSVCR_DLL=''
MT=''
MV='/bin/mv'
NASHORN_TOPDIR='/mnt/d/java/openjdk/nashorn'
NAWK='/usr/bin/nawk'
NM='/usr/bin/nm'
NUM_CORES=''
OBJC=''
OBJCFLAGS=''
OBJCOPY='/usr/bin/objcopy'
OBJDUMP='/usr/bin/objdump'
OBJEXT='o'
OBJ_SUFFIX='.o'
OPENJDK_BUILD_AUTOCONF_NAME='x86_64-unknown-linux-gnu'
OPENJDK_BUILD_CPU='x86_64'
OPENJDK_BUILD_CPU_ARCH='x86'
OPENJDK_BUILD_CPU_BITS='64'
OPENJDK_BUILD_CPU_ENDIAN='little'
OPENJDK_BUILD_OS='linux'
OPENJDK_BUILD_OS_API='posix'
OPENJDK_TARGET_AUTOCONF_NAME='x86_64-unknown-linux-gnu'
OPENJDK_TARGET_CPU='x86_64'
OPENJDK_TARGET_CPU_ARCH='x86'
OPENJDK_TARGET_CPU_BITS='64'
OPENJDK_TARGET_CPU_ENDIAN='little'
OPENJDK_TARGET_CPU_ISADIR=''
OPENJDK_TARGET_CPU_JLI_CFLAGS='-DLIBARCHNAME='\''"amd64"'\'''
OPENJDK_TARGET_CPU_LEGACY='amd64'
OPENJDK_TARGET_CPU_LEGACY_LIB='amd64'
OPENJDK_TARGET_CPU_LIBDIR='/amd64'
OPENJDK_TARGET_CPU_OSARCH='amd64'
OPENJDK_TARGET_OS='linux'
OPENJDK_TARGET_OS_API='posix'
OPENJDK_TARGET_OS_API_DIR='solaris'
OPENJDK_TARGET_OS_EXPORT_DIR='solaris'
OPENWIN_HOME=''
OS_VERSION_MAJOR='4'
OS_VERSION_MICRO='0'
OS_VERSION_MINOR='4'
OTOOL='true'
OUTPUT_ROOT='/mnt/d/java/openjdk/build/linux-x86_64-normal-server-release'
OVERRIDE_SRC_ROOT=''
PACKAGE_BUGREPORT='build-dev@openjdk.java.net'
PACKAGE_NAME='OpenJDK'
PACKAGE_PATH='/opt/local'
PACKAGE_STRING='OpenJDK jdk8'
PACKAGE_TARNAME='openjdk'
PACKAGE_URL='http://openjdk.java.net'
PACKAGE_VERSION='jdk8'
PATH_SEP=':'
PATH_SEPARATOR=':'
PKGHANDLER='apt-get'
PKG_CONFIG=''
POST_MCS_CMD=''
POST_STRIP_CMD='/usr/bin/strip -g'
POTENTIAL_CC='/usr/bin/gcc'
POTENTIAL_CXX='/usr/bin/g++'
PRINTF='/usr/bin/printf'
PRODUCT_NAME='OpenJDK'
PRODUCT_SUFFIX='Runtime Environment'
PROPER_COMPILER_CC=''
PROPER_COMPILER_CXX=''
RC=''
RC_FLAGS=''
READELF='/usr/bin/readelf'
READLINK='/bin/readlink'
REQUIRED_OS_NAME='Linux'
REQUIRED_OS_VERSION='2.6'
RM='/bin/rm -f'
SALIB_NAME=''
SED='/bin/sed'
SETFILE=''
SET_EXECUTABLE_ORIGIN='-Xlinker -rpath -Xlinker \$$$$ORIGIN$1'
SET_OPENJDK='OPENJDK=true'
SET_SHARED_LIBRARY_MAPFILE='-Xlinker -version-script=$1'
SET_SHARED_LIBRARY_NAME='-Xlinker -soname=$1'
SET_SHARED_LIBRARY_ORIGIN='-Xlinker -z -Xlinker origin -Xlinker -rpath -Xlinker \$$$$ORIGIN$1'
SH='/bin/sh'
SHARED_LIBRARY='lib$1.so'
SHARED_LIBRARY_FLAGS='-shared'
SHARED_LIBRARY_SUFFIX='.so'
SHELL='/bin/sh'
SJAVAC_SERVER_DIR=''
SJAVAC_SERVER_JAVA=''
SORT='/usr/bin/sort'
SPEC='/mnt/d/java/openjdk/build/linux-x86_64-normal-server-release/spec.gmk'
SRC_ROOT='/mnt/d/java/openjdk'
STAT='/usr/bin/stat'
STATIC_CXX_SETTING=''
STATIC_LIBRARY='lib$1.a'
STATIC_LIBRARY_SUFFIX='.a'
STRIP='/usr/bin/strip'
SUPPORT_HEADFUL='yes'
SUPPORT_HEADLESS='yes'
SYS_ROOT='/'
TAIL='/usr/bin/tail'
TAR='/bin/tar'
TEE='/usr/bin/tee'
TEST_IN_BUILD='false'
TIME='/usr/bin/time'
TOOLS_DIR_CC=''
TOOLS_DIR_CXX=''
TOUCH='/usr/bin/touch'
TR='/usr/bin/tr'
UNAME='/bin/uname'
UNIQ='/usr/bin/uniq'
UNLIMITED_CRYPTO='false'
UNZIP='/usr/bin/unzip'
USER_RELEASE_SUFFIX='seehunter_2018_10_18_17_26'
USE_EXTERNAL_LIBGIF=''
USE_EXTERNAL_LIBJPEG=''
USE_EXTERNAL_LIBZ=''
USE_PRECOMPILED_HEADER=''
VARIANT='OPT'
VS_INCLUDE=''
VS_LIB=''
VS_PATH=''
WC='/usr/bin/wc'
WHICH='/usr/bin/which'
WINAR=''
WINLD=''
XARGS='/usr/bin/xargs'
XATTR=''
XMKMF=''
X_CFLAGS=''
X_EXTRA_LIBS=''
X_LIBS=''
X_PRE_LIBS=' -lSM -lICE'
ZERO_ARCHDEF='AMD64'
ZERO_ARCHFLAG='-m64'
ZIP='/usr/bin/zip'
ZIP_DEBUGINFO_FILES='true'
ac_ct_CC=''
ac_ct_CXX=''
ac_ct_OBJC=''
ac_ct_OBJCOPY='objcopy'
ac_ct_OBJDUMP='objdump'
ac_ct_PROPER_COMPILER_CC=''
ac_ct_PROPER_COMPILER_CXX=''
bindir='${exec_prefix}/bin'
build='x86_64-unknown-linux-gnu'
build_alias=''
build_cpu='x86_64'
build_os='linux-gnu'
build_vendor='unknown'
datadir='${datarootdir}'
datarootdir='${prefix}/share'
docdir='${datarootdir}/doc/${PACKAGE_TARNAME}'
dvidir='${docdir}'
exec_prefix='NONE'
host='x86_64-unknown-linux-gnu'
host_alias=''
host_cpu='x86_64'
host_os='linux-gnu'
host_vendor='unknown'
htmldir='${docdir}'
includedir='${prefix}/include'
infodir='${datarootdir}/info'
libdir='${exec_prefix}/lib'
libexecdir='${exec_prefix}/libexec'
localedir='${datarootdir}/locale'
localstatedir='${prefix}/var'
mandir='${datarootdir}/man'
oldincludedir='/usr/include'
pdfdir='${docdir}'
prefix='NONE'
program_transform_name='s,x,x,'
psdir='${docdir}'
sbindir='${exec_prefix}/sbin'
sharedstatedir='${prefix}/com'
sysconfdir='${prefix}/etc'
target='x86_64-unknown-linux-gnu'
target_alias=''
target_cpu='x86_64'
target_os='linux-gnu'
target_vendor='unknown'

## ----------- ##
## confdefs.h. ##
## ----------- ##

/* confdefs.h */
#define PACKAGE_NAME "OpenJDK"
#define PACKAGE_TARNAME "openjdk"
#define PACKAGE_VERSION "jdk8"
#define PACKAGE_STRING "OpenJDK jdk8"
#define PACKAGE_BUGREPORT "build-dev@openjdk.java.net"
#define PACKAGE_URL "http://openjdk.java.net"
#define STDC_HEADERS 1
#define HAVE_SYS_TYPES_H 1
#define HAVE_SYS_STAT_H 1
#define HAVE_STDLIB_H 1
#define HAVE_STRING_H 1
#define HAVE_MEMORY_H 1
#define HAVE_STRINGS_H 1
#define HAVE_INTTYPES_H 1
#define HAVE_STDINT_H 1
#define HAVE_UNISTD_H 1
#define HAVE_STDIO_H 1
#define SIZEOF_INT_P 8
#define HAVE_X11_EXTENSIONS_SHAPE_H 1
#define HAVE_X11_EXTENSIONS_XRENDER_H 1
#define HAVE_X11_EXTENSIONS_XTEST_H 1
#define HAVE_X11_INTRINSIC_H 1
#define HAVE_CUPS_CUPS_H 1
#define HAVE_CUPS_PPD_H 1

configure: exit 1
